Rendering to 1150x1150 image
Loaded scene with 10000 circles
Loaded scene with 10000 circles
---------------------------------------------------------
Initializing CUDA for CudaRenderer
Found 1 CUDA devices
Device 0: NVIDIA GeForce RTX 3050 Laptop GPU
   SMs:        16
   Global mem: 3746 MB
   CUDA Cap:   8.6
---------------------------------------------------------
WARNING: You're not running on a fast GPU, please consider using NVIDIA RTX 2080.
---------------------------------------------------------

Running benchmark, 1 frames, beginning at frame 0 ...
Copying image data from device
***************** Correctness check passed **************************
Clear:    1.9334 ms
Advance:  0.0066 ms
Render:   1996.1276 ms
Total:    1998.0677 ms

Overall:  36.9934 sec (note units are seconds)
