Rendering to 1150x1150 image
Loaded scene with 25 circles
Loaded scene with 25 circles
---------------------------------------------------------
Initializing CUDA for CudaRenderer
Found 1 CUDA devices
Device 0: NVIDIA GeForce RTX 3050 Laptop GPU
   SMs:        16
   Global mem: 3746 MB
   CUDA Cap:   8.6
---------------------------------------------------------
WARNING: You're not running on a fast GPU, please consider using NVIDIA RTX 2080.
---------------------------------------------------------

Running benchmark, 1 frames, beginning at frame 0 ...
Copying image data from device
***************** Correctness check passed **************************
Clear:    0.2113 ms
Advance:  0.2558 ms
Render:   1.4982 ms
Total:    1.9653 ms

Overall:  0.0353 sec (note units are seconds)
