Rendering to 1150x1150 image
Loaded scene with 4 circles
Loaded scene with 4 circles
---------------------------------------------------------
Initializing CUDA for CudaRenderer
Found 1 CUDA devices
Device 0: NVIDIA GeForce RTX 3050 Laptop GPU
   SMs:        16
   Global mem: 3746 MB
   CUDA Cap:   8.6
---------------------------------------------------------
WARNING: You're not running on a fast GPU, please consider using NVIDIA RTX 2080.
---------------------------------------------------------

Running benchmark, 1 frames, beginning at frame 0 ...
Copying image data from device
Mismatch detected at pixel [133][290], value = 0.500000, expected 0.750000 for color Red
Mismatch detected at pixel [133][291], value = 0.500000, expected 0.750000 for color Red
Mismatch detected at pixel [133][292], value = 0.500000, expected 0.750000 for color Red
Mismatch detected at pixel [134][286], value = 0.500000, expected 0.750000 for color Red
Mismatch detected at pixel [134][287], value = 0.500000, expected 0.750000 for color Red
Mismatch detected at pixel [134][288], value = 0.500000, expected 0.750000 for color Red
ERROR : Mismatch detected between reference and actual
