Rendering to 1150x1150 image
Loaded scene with 10 circles
Loaded scene with 10 circles
---------------------------------------------------------
Initializing CUDA for CudaRenderer
Found 1 CUDA devices
Device 0: NVIDIA GeForce RTX 3050 Laptop GPU
   SMs:        16
   Global mem: 3746 MB
   CUDA Cap:   8.6
---------------------------------------------------------
WARNING: You're not running on a fast GPU, please consider using NVIDIA RTX 2080.
---------------------------------------------------------

Running benchmark, 1 frames, beginning at frame 0 ...
Copying image data from device
***************** Correctness check passed **************************
Clear:    1.3487 ms
Advance:  0.0792 ms
Render:   1.1977 ms
Total:    2.6256 ms

Overall:  0.1226 sec (note units are seconds)
